1641421 2004
1641475 2004
1641529 2004
1641583 2003
1641637 1999
1641692 2000
1641746 2002
1641801 1999
1641855 2001
1641909 2000
1641963 1999
1642017 2002
1642071 2002
1642125 2001
1642179 2002
1642233 2001
1642287 2003
1642341 2005
1642395 2002
1642449 1999
1642504 2001
1642558 2002
1642612 2003
1642666 2002
1642721 2000
1642775 2002
1642829 2000
1642883 1999
1642937 1997
1642991 1998
1643045 2003
1643099 2000
1643153 2002
1643207 1997
1643262 2005
1643316 2004
1643370 1999
1643424 2001
1643478 1999
1643532 2002
1643586 1999
1643640 1998
1643694 2005
1643748 1998
1643802 2001
1643856 2002
1643910 2006
1643965 2002
1644019 2002
1644073 2003
1644127 2002
1644181 2000
1644235 2001
1644289 2002
1644343 2000
1644397 1999
1644451 1999
1644505 1997
1644560 2000
1644614 2002
1644668 2002
1644722 2004
1644776 2002
1644830 1999
1644885 2002
1644939 2001
1644993 2002
1645047 1998
1645101 2000
1645155 1999
1645209 2003
1645263 1997
1645317 2001
1645371 1999
1645425 2003
1645479 2002
1645533 2001
1645588 2002
1645642 2001
1645696 2002
1645750 2004
1645804 2000
1645858 2004
1645912 1997
1645967 2002
1646021 2001
1646075 2002
1646129 2001
1646183 2000
1646237 1998
1646291 2006
1646345 2004
1646399 2001
1646454 1999
1646508 1998
1646562 1999
1646616 1999
1646670 1997
1646724 2002
1646778 2000
1646832 2000
1646887 1999
1646941 1999
1646995 2000
1647049 1998
1647103 2001
1647157 2000
1647211 2000
1647266 2000
1647320 2000
1647374 2002
1647428 2003
1647482 2001
1647536 2003
1647590 2001
1647645 1998
1647699 2002
1647753 2003
1647807 2001
1647861 1999
1647915 2004
1647969 2000
1648023 2001
1648077 2000
1648131 1999
1648185 2002
1648239 2003
1648293 1999
1648348 2000
1648402 2005
1648456 1999
1648510 2001
1648565 2002
1648619 1999
1648673 1999
1648727 2002
1648781 2001
1648835 2001
1648889 1998
1648943 1999
1648998 1999
1649052 1999
1649106 2001
1649160 2001
1649214 1999
1649269 2001
1649323 1999
1649377 2003
1649431 1999
1649485 2001
1649539 2000
1649593 1999
1649647 2002
1649702 2001
1649756 2002
1649810 1998
1649864 1997
1649918 1999
1649972 2004
1650026 1998
1650080 1997
1650134 2000
1650188 2000
1650242 2002
1650296 2001
1650350 1997
1650404 1999
1650458 2002
1650513 2001
1650567 2003
1650621 2001
1650675 2002
1650729 2001
1650783 1999
1650837 1999
1650891 2004
1650945 1999
1650999 2002
1651053 2002
1651107 1998
1651161 2001
1651216 2000
1651270 2000
1651324 2001
1651378 2002
1651432 2001
1651487 1999
1651541 2003
1651595 2003
1651649 1998
1651703 2000
1651757 1998
1651811 2000
1651865 1999
1651919 2000
1651973 1998
1652027 2000
1652081 2004
1652136 2000
1652190 2002
1652244 2005
1652298 2002
1652352 2001
1652406 1998
1652460 2003
1652514 2002
1652568 2001
1652622 2000
1652677 2001
1652731 2002
1652785 2001
1652839 2006
1652893 2001
1652947 2001
1653001 1998
1653055 2001
1653109 1997
1653163 2001
1653218 2002
1653272 2003
1653326 1997
1653380 2001
1653434 2002
1653488 2003
1653542 2001
1653596 1998
1653650 2003
1653704 1997
1653758 1997
1653812 1993
1653866 2000
1653921 1999
1653975 1999
1654030 1997
1654084 1999
1654138 1997
1654192 1999
1654246 1997
1654300 1994
1654354 1995
1654408 2004
1654463 2034
1654517 2011
1654571 2017
1654625 2023
1654679 2077
1654733 2360
1654787 2472
1654841 2935
1654895 2908
1654949 2575
1655003 2509
1655057 2613
1655112 2499
1655166 2501
1655220 2599
1655274 2549
1655328 2494
1655382 2625
1655436 3067
1655490 2759
1655544 2784
1655598 2845
1655652 2792
1655706 3056
1655760 2522
1655814 2012
1655868 1995
1655923 1999
1655977 1995
1656031 1994
1656085 1998
1656139 2001
1656193 2000
1656247 1997
1656301 1993
1656355 1994
1656410 1998
1656464 1995
1656518 1997
1656572 1996
1656626 1995
1656680 1993
1656735 1994
1656789 2005
1656843 2004
1656897 2001
1656951 2000
1657005 2001
1657060 2003
1657114 2002
1657168 2004
1657222 2002
1657276 2002
1657330 1997
1657384 2002
1657438 2001
1657492 2002
1657546 2002
1657600 2002
1657654 2001
1657708 1999
1657762 2001
1657817 2000
1657871 1998
1657925 1998
1657980 2001
1658034 2000
1658088 2000
1658142 2000
1658196 1999
1658250 2001
1658304 1998
1658358 2000
1658412 2002
1658466 2003
1658520 1998
1658574 2001
1658628 2001
1658682 1996
1658737 2001
1658792 2002
1658846 2002
1658900 2001
1658954 2000
1659008 2002
1659062 2000
1659116 1999
1659170 1999
1659224 2000
1659278 2000
1659333 1999
1659387 2000
1659441 1999
1659495 1996
1659549 1998
1659603 1999
1659657 2001
1659711 1998
1659765 1996
1659819 2000
1659874 2002
1659928 1995
1659982 1999
1660036 1997
1660090 2001
1660144 2000
1660198 1995
1660252 1997
1660306 2000
1660361 2002
1660415 2000
1660469 2002
1660523 2000
1660577 2001
1660631 1997
1660686 1999
1660740 1996
1660794 2001
1660848 2002
1660902 2000
1660957 2001
1661011 2000
1661065 1997
1661119 1997
1661173 1999
1661227 1999
1661281 2001
1661335 1999
1661390 2001
1661444 2000
1661498 2001
1661552 1997
1661606 1997
1661660 1998
1661714 1999
1661768 2001
1661822 1999
1661877 1997
1661931 1998
1661985 2000
1662039 1995
1662093 1995
1662147 1997
1662201 1996
1662255 2002
1662309 1997
1662363 1997
1662417 1997
1662471 1993
1662525 1994
1662580 1994
1662635 1995
1662689 1996
1662743 2000
1662797 1992
1662851 1994
1662905 1992
1662959 1999
1663013 1997
1663067 1996
1663121 1996
1663175 1993
1663230 1995
1663284 1992
1663338 1997
1663392 1993
1663446 1994
1663500 1996
1663554 1993
1663608 1993
1663662 1992
1663716 1992
1663770 1996
1663825 1993
1663879 1996
1663933 1993
1663987 1994
1664041 1993
1664095 1997
1664149 1995
1664203 1997
1664257 1991
1664311 1997
1664365 1996
1664419 1997
1664475 1995
1664529 1996
1664583 1994
1664637 1994
1664691 1991
1664745 1993
1664799 1991
1664854 1993
1664908 1995
1664962 1993
1665016 1992
1665070 1993
1665124 1993
1665178 1994
1665232 1993
1665286 1991
1665340 1991
1665394 1997
1665449 1993
1665503 1998
1665557 1997
1665611 1993
1665665 1996
1665719 1995
1665773 1995
1665827 1995
1665881 1991
1665935 1994
1665989 1992
1666043 1994
1666097 1995
1666151 1989
1666206 1993
1666260 1993
1666314 1991
1666368 1992
1666422 1993
1666476 1994
1666530 1993
1666584 1990
1666638 1993
1666692 1993
1666746 1995
1666800 1992
1666854 1995
1666909 1993
1666963 1992
1667017 1994
1667071 1991
1667125 1992
1667179 1990
1667233 1990
1667287 1995
1667342 1993
1667396 1995
