1738402 2003
1738456 2000
1738511 2000
1738566 1999
1738620 2003
1738674 1998
1738728 2003
1738782 2000
1738836 2004
1738890 2001
1738944 1998
1738998 1997
1739052 2001
1739107 2001
1739161 2000
1739215 2001
1739269 2000
1739323 1999
1739377 2004
1739431 2000
1739485 2004
1739539 1999
1739594 1997
1739648 1998
1739702 1999
1739756 1999
1739810 1999
1739864 1997
1739918 1988
1739972 1993
1740027 1995
1740081 1995
1740135 1998
1740189 1992
1740243 1996
1740297 2003
1740351 2002
1740406 1995
1740460 2014
1740514 2025
1740568 2065
1740622 2578
1740676 2669
1740731 2515
1740785 2570
1740839 2926
1740893 2606
1740947 2606
1741001 2490
1741055 2507
1741109 2626
1741164 2593
1741218 2519
1741272 2602
1741326 2939
1741380 3164
1741434 2813
1741488 4769
1741542 3375
1741596 2607
1741650 2022
1741704 1998
1741758 1995
1741812 2000
1741867 2000
1741921 2000
1741975 1997
1742029 2001
1742083 1997
1742137 1997
1742191 1999
1742245 1994
1742300 1993
1742354 2001
1742408 2001
1742462 2000
1742516 2000
1742570 2000
1742625 2002
1742679 2001
1742733 2001
1742787 2003
1742841 2002
1742895 2000
1742949 2001
1743003 1998
1743057 2000
1743112 1999
1743166 2003
1743220 2000
1743274 2004
1743328 2000
1743383 1997
1743437 2003
1743491 2000
1743545 2002
1743599 2002
1743653 2004
1743707 1999
1743761 1999
