1170388 2006
1170442 2000
1170496 2006
1170551 2009
1170605 2005
1170660 2007
1170714 2006
1170768 2002
1170822 2008
1170876 2005
1170931 2003
1170985 2009
1171039 2010
1171093 2005
1171147 2009
1171201 2008
1171255 2008
1171309 2009
1171363 2007
1171417 2008
1171471 2001
1171525 2007
1171579 2005
1171634 2004
1171688 2003
1171742 2007
1171796 2006
1171850 2008
1171904 2003
1171959 2005
1172013 2006
1172067 2010
1172121 2008
1172175 2012
1172229 2007
1172283 2008
1172337 2007
1172391 2008
1172445 2007
1172499 2007
1172554 2007
1172608 2007
1172662 2006
1172716 2008
1172771 2008
1172825 2009
1172879 2009
1172933 2006
1172987 2006
1173041 2009
1173095 2007
1173149 2007
1173203 2006
1173257 2005
1173311 2011
1173365 2010
1173419 2006
1173473 2006
1173528 2009
1173582 2005
1173636 2007
1173690 2006
1173744 2008
1173798 2008
1173852 2006
1173906 2008
1173961 2007
1174015 2006
1174069 2009
1174123 2007
1174177 2007
1174231 2004
1174285 2007
1174339 2007
1174393 2004
1174447 2007
1174502 2004
1174556 2002
1174610 2010
1174664 2005
1174718 2007
1174773 2005
1174827 2006
1174881 2009
1174935 2003
1174989 2006
1175043 2007
1175097 2005
1175151 2004
1175205 2003
1175259 2008
1175313 2005
1175367 2005
1175422 2005
1175476 2010
1175531 2008
1175585 2008
1175639 2007
1175693 2004
1175747 2005
1175801 2009
1175855 2005
1175909 2002
1175963 2007
1176017 2004
1176071 2004
1176125 2007
1176179 2004
1176233 2008
1176287 2008
1176341 2007
1176396 2008
1176450 2006
1176504 2004
1176558 2006
1176612 2009
1176666 2008
1176720 2008
1176775 2003
1176829 2010
1176883 2007
1176937 2009
1176991 2005
1177045 2007
1177099 2004
1177153 2010
1177207 2010
1177261 2011
1177315 2013
1177370 2007
1177424 2007
1177478 2010
1177532 2011
1177586 2009
1177641 2008
1177695 2009
1177749 2005
1177803 2008
1177857 2011
1177911 2013
1177965 2011
1178019 2013
1178073 2014
1178127 2017
1178181 2018
1178235 2019
1178290 2018
1178344 2012
1178399 2008
1178453 2006
1178507 2009
1178561 2006
1178615 2007
1178669 2004
1178723 2004
1178777 2001
1178831 2004
1178885 2001
1178940 2004
1178994 2001
1179048 2006
1179102 2002
1179156 2003
1179210 2005
1179264 2004
1179318 2003
1179373 2005
1179427 2011
1179481 2008
1179535 2006
1179589 2010
1179643 2004
1179697 2003
1179751 2006
1179805 2003
1179859 2002
1179913 2004
1179967 2005
1180021 2003
1180076 2007
1180130 2011
1180184 2004
1180238 2008
1180292 2003
1180347 2006
1180401 2009
1180455 2002
1180509 2003
1180564 2005
1180618 2004
1180672 2004
1180726 2006
1180780 2004
1180834 2006
1180888 2006
1180942 2004
1180996 2008
1181050 2006
1181104 2003
1181159 2005
1181213 2006
1181267 2006
1181321 2006
1181376 2007
1181430 2007
1181484 2007
1181538 2004
1181592 2008
1181646 2004
1181700 2006
1181754 2008
1181808 2004
1181862 2006
1181916 2007
1181970 2009
1182024 2008
1182079 2008
1182133 2007
1182187 2009
1182241 2008
1182295 2010
1182350 2007
1182404 2006
1182458 2004
1182512 2007
1182566 2004
1182620 2006
1182675 2008
1182729 2006
1182783 2009
1182837 2013
1182891 2011
1182945 2014
1183000 2018
1183054 2031
1183108 2043
1183162 2038
1183217 2030
1183271 2024
1183325 2016
1183379 2012
1183433 2007
1183487 2001
1183541 1999
1183595 2006
1183649 1999
1183703 2006
1183757 2009
1183811 2016
1183865 2018
1183919 2015
1183974 2013
1184028 2011
1184082 2007
1184136 2001
1184190 2002
1184244 2003
1184298 2000
1184353 2003
1184407 2002
1184461 2006
1184515 2012
1184569 2075
1184623 2040
1184677 2014
1184731 2011
1184785 2012
1184839 2008
1184895 2009
1184949 2006
1185003 2004
1185057 2007
1185111 2004
1185165 2005
1185219 2000
1185273 2005
1185327 2001
1185381 2001
1185435 2001
1185489 2002
1185543 2001
1185598 2001
1185652 2002
1185706 2001
1185760 2006
1185814 1999
1185868 2001
1185922 2002
1185976 2003
1186030 2002
1186084 2002
1186138 2001
1186192 2003
1186246 2002
1186301 2000
1186355 2001
1186409 2003
1186463 2001
1186517 2002
1186571 2004
1186625 2000
1186679 1999
1186733 2000
1186787 2001
1186841 2001
1186895 2002
1186949 2000
1187003 1998
1187058 2003
1187112 2002
1187166 2004
1187220 2001
1187274 2002
1187328 2003
1187382 2002
1187436 1995
1187490 2000
1187544 1997
1187598 2003
1187652 2004
1187706 1999
1187762 1999
1187816 1999
1187870 1999
1187925 2001
1187979 2000
1188033 2000
1188087 2001
1188141 2000
1188195 1998
1188249 2002
1188304 2000
1188358 2002
1188412 2002
1188466 1999
1188520 1999
1188574 2002
1188628 2002
1188682 2001
1188736 1999
1188790 1999
1188845 1997
1188899 2001
1188953 2004
1189007 2000
1189061 2002
1189115 2000
1189169 1999
1189224 1999
1189278 2004
1189332 2003
1189386 2003
1189440 2006
1189494 2000
1189548 2001
1189602 2000
1189656 1999
1189710 1997
1189765 2001
1189819 2003
1189873 2002
1189927 1998
1189981 2002
1190035 2000
1190089 1995
1190143 2000
1190198 2002
1190252 2002
1190306 1999
1190360 2000
1190414 2000
1190468 1997
1190522 1998
1190576 1998
1190630 1996
1190684 2000
1190738 1997
1190792 2002
1190846 2004
1190901 2005
1190955 1999
1191009 1999
1191063 2000
1191117 1991
1191171 1997
1191225 1999
1191279 1996
1191333 1993
1191387 2001
1191441 2001
1191495 2001
1191551 2000
1191605 1999
1191659 1998
1191713 1999
1191767 1996
1191822 1999
1191876 2001
1191930 1999
1191984 2001
1192038 2002
1192092 2005
1192146 2005
1192200 2010
1192255 2008
1192309 2005
1192363 2005
1192417 2008
1192471 2006
1192525 2006
1192579 2007
1192634 2008
1192688 2005
1192742 2007
1192796 2009
1192850 2007
1192904 2009
1192958 2007
1193012 2006
1193066 2005
1193121 2008
1193175 2007
1193229 2005
1193283 2007
1193337 2006
1193391 2006
1193445 2008
1193499 2009
1193554 2005
1193608 2005
1193662 2008
1193716 2005
1193770 2007
1193824 2004
1193878 2006
1193932 2006
1193986 2002
1194040 2006
1194094 2009
1194148 2008
1194203 2005
1194257 2005
1194311 2005
1194365 2006
1194419 2006
1194473 2005
1194527 2006
1194581 2006
1194635 2006
1194689 2008
1194743 2009
1194798 2008
1194852 2006
1194906 2011
1194960 2007
1195014 2009
1195068 2009
1195122 2009
1195176 2010
1195230 2008
1195284 2005
1195339 2007
1195394 2009
1195448 2006
1195502 2007
1195556 2005
1195610 2010
1195664 2002
1195719 2006
1195773 2009
1195827 2007
1195881 2008
1195935 2006
1195989 2007
1196043 2005
1196098 2002
1196152 2006
1196206 2006
1196261 2007
1196315 2005
1196369 2007
1196424 2006
1196478 2006
1196533 2009
1196587 2002
1196641 2005
1196695 2007
1196749 2009
