1652298 2002
1652352 2001
1652406 1998
1652460 2003
1652514 2002
1652568 2001
1652622 2000
1652677 2001
1652731 2002
1652785 2001
1652839 2006
1652893 2001
1652947 2001
1653001 1998
1653055 2001
1653109 1997
1653163 2001
1653218 2002
1653272 2003
1653326 1997
1653380 2001
1653434 2002
1653488 2003
1653542 2001
1653596 1998
1653650 2003
1653704 1997
1653758 1997
1653812 1993
1653866 2000
1653921 1999
1653975 1999
1654030 1997
1654084 1999
1654138 1997
1654192 1999
1654246 1997
1654300 1994
1654354 1995
1654408 2004
1654463 2034
1654517 2011
1654571 2017
1654625 2023
1654679 2077
1654733 2360
1654787 2472
1654841 2935
1654895 2908
1654949 2575
1655003 2509
1655057 2613
1655112 2499
1655166 2501
1655220 2599
1655274 2549
1655328 2494
1655382 2625
1655436 3067
1655490 2759
1655544 2784
1655598 2845
1655652 2792
1655706 3056
1655760 2522
1655814 2012
1655868 1995
1655923 1999
1655977 1995
1656031 1994
1656085 1998
1656139 2001
1656193 2000
1656247 1997
1656301 1993
1656355 1994
1656410 1998
1656464 1995
1656518 1997
1656572 1996
1656626 1995
1656680 1993
1656735 1994
1656789 2005
1656843 2004
1656897 2001
1656951 2000
1657005 2001
1657060 2003
1657114 2002
1657168 2004
1657222 2002
1657276 2002
1657330 1997
1657384 2002
1657438 2001
1657492 2002
1657546 2002
1657600 2002
1657654 2001
