1703761 1999
1703815 2000
1703869 1998
1703923 2001
1703977 1999
1704031 2001
1704086 2003
1704140 2001
1704194 2002
1704248 2001
1704302 1998
1704357 2002
1704411 1997
1704465 1997
1704520 2004
1704574 2002
1704628 2000
1704682 2001
1704736 2000
1704790 2001
1704844 1997
1704898 2001
1704952 2000
1705006 1999
1705060 2002
1705115 2003
1705169 2000
1705223 1997
1705277 2002
1705331 1998
1705385 1999
1705439 2002
1705494 1998
1705548 2001
1705602 2002
1705657 2000
1705711 2002
1705765 2004
1705819 2002
1705873 2001
1705927 2000
1705982 2000
1706036 2001
1706090 1995
1706144 2002
1706198 2001
1706252 2001
1706306 1998
1706360 2001
1706415 2001
1706469 2004
1706523 2002
1706577 2002
1706631 2000
1706685 1996
1706740 2001
1706794 2001
1706848 1999
1706902 1997
1706956 2005
1707010 2004
1707064 1996
1707118 1997
1707172 1993
1707227 1994
1707282 2002
1707336 2012
1707390 2002
1707444 2028
1707498 2094
1707552 2603
1707607 2532
1707661 2856
1707715 3164
1707769 2606
1707823 2547
1707877 2496
1707931 2511
1707986 2614
1708040 2951
1708094 2970
1708148 2956
1708202 5932
1708256 4489
1708310 3136
1708365 2091
1708419 1997
1708473 1989
1708527 2000
1708581 1997
1708635 1996
1708689 1994
1708743 1998
1708798 1997
1708852 1999
1708906 1999
1708960 2000
1709014 2002
1709068 2001
1709122 2000
1709176 1999
1709230 2002
1709284 2001
1709338 2001
1709392 2001
1709446 2002
1709501 1999
1709555 2000
1709609 2001
1709663 1999
1709717 2001
1709771 2003
1709825 2001
1709879 2001
1709933 2002
1709987 1997
1710041 1998
1710096 2000
1710150 1999
1710204 2000
1710258 2000
1710312 2002
1710366 2000
1710420 1997
1710474 2000
1710528 2003
1710582 2000
1710636 2001
1710690 2001
1710745 2000
1710799 2004
1710853 2001
1710907 1999
1710961 2000
1711015 2003
1711069 2001
1711123 2002
1711177 2004
1711231 2004
1711285 1999
1711339 2001
1711393 2003
1711448 2004
1711502 2000
1711556 1999
1711610 2001
1711664 2003
1711718 1999
1711772 2002
1711826 2000
1711881 1997
1711935 2003
1711989 2003
1712043 1999
1712097 2001
1712152 2002
1712206 2000
1712260 2002
1712314 2001
1712368 2002
1712422 2000
1712476 2002
1712530 2003
1712584 2002
1712638 2001
1712692 2000
1712746 2002
1712800 2002
1712854 2000
1712909 2000
1712963 2003
1713017 2001
1713071 1997
1713125 2000
1713179 2001
1713233 1999
1713287 2001
1713341 2000
1713395 2002
1713449 2000
1713503 2001
1713557 2002
1713611 2004
1713665 2002
1713720 2003
1713774 2001
1713828 1999
1713882 2003
1713936 2002
1713990 2002
1714044 2000
1714098 2000
1714152 2001
1714206 2001
1714260 2003
1714314 2004
1714368 2001
1714422 2004
1714476 2002
1714531 2002
1714585 2002
1714639 2000
1714693 2003
1714747 2001
1714801 2001
1714856 2003
1714911 2000
1714965 2000
1715019 2000
1715073 2003
1715127 1999
1715181 2001
1715235 2000
1715289 2000
1715343 2002
1715397 2000
1715451 2000
1715506 2001
1715560 1999
1715614 2002
1715668 2002
1715722 2003
1715776 2000
1715831 1999
1715885 2003
1715940 2002
1715994 2003
1716048 1999
1716102 2001
1716156 1999
1716210 2002
1716264 2001
1716318 2000
1716372 2005
1716426 1999
1716481 2002
1716535 1998
1716589 2003
1716643 2002
1716697 1999
1716752 2004
1716806 2003
1716860 2003
1716914 1996
1716968 2002
1717022 2003
1717077 2000
1717131 2002
1717185 2002
1717239 2002
1717293 2002
1717347 2002
1717401 2005
1717455 2001
1717509 2001
1717563 1999
1717617 1999
1717672 1998
1717727 1999
1717781 2001
1717835 2000
1717889 2000
1717943 2002
1717997 2002
1718051 2003
1718106 1999
1718160 2001
1718214 1999
1718268 2002
1718322 2000
1718376 1999
1718430 2000
1718484 2000
1718538 2002
1718592 2004
1718646 2003
1718700 1999
1718755 2001
1718809 2001
1718863 1998
1718917 2001
1718971 2003
1719025 2002
1719079 2001
1719133 2001
1719187 2001
1719241 2000
1719295 1999
1719349 1997
1719403 2001
1719457 2001
1719511 1999
1719567 2003
1719621 2004
1719675 2000
1719729 2002
1719783 2002
1719837 2001
1719891 2001
1719945 2000
1720000 2004
1720054 1999
1720108 2001
1720162 2000
1720216 2000
1720270 1999
1720324 2001
1720378 2001
1720432 2002
1720486 2003
1720541 2000
1720595 2002
1720649 2003
1720703 2002
1720757 2003
1720811 1998
1720866 2003
1720920 2002
1720974 1999
1721028 2004
1721082 1999
1721136 2000
1721190 2002
1721244 2001
1721298 2000
1721352 2000
1721407 2001
1721461 2002
1721515 2001
1721570 2002
1721624 2000
1721678 2000
1721732 2002
1721786 1998
1721840 1997
1721894 1999
1721948 2002
1722002 2002
1722057 1998
1722111 2001
1722165 1999
1722219 2005
1722273 1998
1722327 2000
1722381 2002
1722435 2001
1722489 2003
1722543 2001
1722598 1998
1722652 2000
1722706 2000
1722760 1999
1722814 2003
1722868 1998
1722922 2001
1722976 1998
1723030 2005
1723084 2002
1723139 2004
1723193 1998
1723247 2000
1723301 2002
1723356 2000
1723410 1999
1723464 1999
1723518 2001
1723572 2003
1723626 2003
1723680 2002
1723735 2005
1723789 2001
1723843 1999
1723897 2004
1723951 2000
1724005 1999
1724060 2007
1724114 2002
1724168 2005
1724222 2004
1724277 1999
1724331 2005
1724386 2001
1724440 2002
1724494 2002
1724548 2003
1724602 2001
1724656 2000
1724710 2004
1724764 2001
1724818 2003
1724872 2002
1724926 2003
1724980 2001
1725034 2004
1725089 2001
1725143 2003
1725197 2005
1725251 2001
1725305 2003
1725360 1999
1725414 2003
1725468 2001
1725522 2003
1725576 2002
1725630 2002
1725684 2001
1725738 2002
1725792 2000
1725846 1999
1725900 2002
1725955 2000
1726009 1999
1726063 2004
1726117 2001
1726172 2004
1726226 2001
1726280 2000
1726334 2001
1726388 2000
1726442 2000
1726496 2002
1726550 2003
1726604 2000
1726659 2003
1726713 1999
1726767 2001
1726821 2001
1726875 2004
1726929 2005
1726983 2002
1727037 2006
1727091 2000
1727145 1999
1727199 2000
1727253 2001
1727307 1999
1727361 2003
1727416 2003
1727470 1996
1727524 2001
1727578 2002
1727632 2001
1727686 1999
1727740 2004
1727794 2000
1727848 2000
1727902 1998
1727956 2000
1728010 2002
1728064 2003
1728119 2000
1728173 2003
1728227 2000
1728282 2000
1728336 1999
1728390 2005
1728444 1998
1728498 2000
1728552 2005
1728606 2002
1728660 1997
1728714 2001
1728769 2002
1728823 1997
1728877 1998
1728931 2000
1728985 2001
1729039 1999
1729093 2002
1729148 2000
1729202 2002
1729256 1999
1729310 2003
1729365 1999
1729419 2004
1729473 2004
1729527 1998
1729581 2004
1729635 2001
1729689 2003
1729743 2001
1729798 2000
1729852 2002
1729906 2002
1729961 2000
1730015 2003
1730069 2002
1730123 2000
1730177 1999
1730231 1998
1730285 2005
1730339 2002
1730393 2004
1730447 1999
1730501 2002
1730555 2001
1730609 2000
1730663 2000
1730718 2003
1730772 2002
1730826 2002
1730880 2003
1730934 2004
1730988 1999
1731042 2001
1731096 2001
1731150 2002
1731205 2000
1731259 2003
1731313 2002
1731367 1999
1731421 2001
1731475 1999
1731529 2001
1731583 2002
1731637 2004
1731691 2001
1731746 1998
1731800 2003
1731855 2001
1731909 2003
1731963 2000
1732018 2002
1732072 2000
1732126 2001
1732180 2004
1732234 2004
1732288 2002
1732342 2005
1732396 2003
1732451 2001
1732505 2005
1732559 2002
1732613 2003
1732667 2002
1732721 1999
1732775 2000
1732830 1997
1732884 2002
1732939 2002
1732993 2002
1733047 2000
1733101 1998
1733155 2002
1733209 2003
1733263 2003
1733317 2007
1733371 2001
1733425 2004
1733480 2000
1733534 2001
1733588 1999
1733642 2003
1733696 1999
1733750 2004
1733804 2000
1733858 2000
1733912 2002
1733966 2000
1734020 2000
1734075 2004
1734129 1999
1734183 2002
1734237 2003
1734291 2004
1734345 1999
1734399 2000
1734453 2001
1734507 2002
1734561 2003
1734615 2002
1734669 2000
1734723 2000
1734777 1999
1734831 2003
1734886 1997
1734940 1998
1734994 2000
1735048 2000
1735102 2003
1735156 1996
1735210 2001
1735264 2002
1735318 2001
1735372 2004
1735426 2004
1735481 2003
1735535 2001
1735589 2002
1735644 2003
1735698 2001
1735752 2003
1735806 2000
1735860 2004
1735914 1999
1735968 2003
1736023 1999
1736077 2002
1736131 1997
1736185 2003
1736239 2003
1736293 2004
1736347 2006
1736401 2002
1736455 2000
1736509 2003
1736563 2003
1736618 2000
1736672 1999
1736726 2001
1736780 2002
1736834 2001
1736888 2000
1736942 2003
1736996 2000
1737050 2003
1737104 2003
1737158 2003
1737212 2003
1737267 2001
1737321 2001
1737375 2001
1737429 1996
1737483 2000
1737537 2001
1737591 1998
1737645 2000
1737699 2000
1737753 2001
1737807 2001
1737861 2001
1737915 2001
1737970 2004
1738024 2001
1738078 2001
1738132 2003
1738186 1996
1738240 2000
1738294 2001
1738348 1998
1738402 2003
1738456 2000
1738511 2000
1738566 1999
1738620 2003
1738674 1998
1738728 2003
1738782 2000
1738836 2004
1738890 2001
1738944 1998
1738998 1997
1739052 2001
1739107 2001
1739161 2000
1739215 2001
1739269 2000
1739323 1999
1739377 2004
1739431 2000
1739485 2004
1739539 1999
1739594 1997
1739648 1998
1739702 1999
1739756 1999
1739810 1999
1739864 1997
1739918 1988
1739972 1993
1740027 1995
1740081 1995
1740135 1998
1740189 1992
1740243 1996
1740297 2003
1740351 2002
1740406 1995
1740460 2014
1740514 2025
1740568 2065
1740622 2578
1740676 2669
1740731 2515
1740785 2570
1740839 2926
1740893 2606
1740947 2606
1741001 2490
1741055 2507
1741109 2626
1741164 2593
1741218 2519
1741272 2602
1741326 2939
1741380 3164
1741434 2813
1741488 4769
1741542 3375
1741596 2607
1741650 2022
1741704 1998
1741758 1995
1741812 2000
1741867 2000
1741921 2000
1741975 1997
1742029 2001
1742083 1997
1742137 1997
1742191 1999
1742245 1994
1742300 1993
1742354 2001
1742408 2001
1742462 2000
1742516 2000
1742570 2000
1742625 2002
1742679 2001
1742733 2001
1742787 2003
1742841 2002
1742895 2000
1742949 2001
1743003 1998
1743057 2000
1743112 1999
1743166 2003
1743220 2000
1743274 2004
1743328 2000
1743383 1997
1743437 2003
1743491 2000
1743545 2002
1743599 2002
1743653 2004
1743707 1999
1743761 1999
1743815 2001
1743869 1999
1743924 2003
1743978 1998
1744032 2002
1744086 2001
1744140 2000
1744194 1997
1744249 2001
1744303 2002
1744357 2003
1744411 2001
1744465 2001
1744519 1997
1744573 2001
1744627 2004
1744681 1998
1744735 2002
1744789 2001
1744843 2000
1744897 2002
1744951 2000
1745005 2005
1745060 2000
1745114 2002
1745168 2000
1745222 2000
1745277 2002
1745331 2004
1745385 2000
1745439 2002
1745493 2001
1745547 2006
1745601 1998
1745655 1996
1745709 1999
1745763 2004
1745817 2002
1745871 2001
1745925 2003
1745979 1999
1746033 2000
1746089 2003
1746143 2003
1746197 1996
1746251 2002
1746305 2000
1746359 2001
1746413 1999
1746468 2002
1746522 2002
1746576 2002
1746630 2002
1746684 1996
1746738 2004
1746792 2002
