1067020 2004
1067074 2005
1067128 2008
1067182 2006
1067236 2004
1067290 2002
1067344 2007
1067399 2004
1067453 2006
1067507 2002
1067561 2009
1067615 2005
1067669 2005
1067724 2004
1067778 2005
1067832 2005
1067886 2008
1067940 2003
1067994 2005
1068048 2006
1068102 2005
1068157 2004
1068211 2006
1068266 2008
1068320 2012
1068374 2004
1068428 2007
1068482 2004
1068536 2005
1068590 2008
1068644 2009
1068698 2009
1068752 2008
1068806 2007
1068860 2004
1068914 2007
1068968 2006
1069022 2007
1069077 2003
1069131 2004
1069185 2006
1069239 2006
1069293 2006
1069347 2007
1069401 2006
1069456 2011
1069510 2007
1069564 2005
1069618 2006
1069672 2005
1069726 2002
1069781 2007
1069835 2005
1069889 2006
1069943 2007
1069997 2005
1070052 2006
1070106 2004
1070161 2002
1070215 2008
1070269 2007
1070323 2004
1070377 2008
1070431 2005
1070485 2006
1070539 2006
1070593 2013
1070647 2004
1070701 2006
1070756 2010
1070810 2005
1070864 2011
1070918 2003
1070973 2007
1071027 2006
1071081 2005
1071135 2007
1071189 2006
1071243 2007
1071297 2005
1071351 2004
1071406 2007
1071460 2010
1071514 2004
1071568 2004
1071622 2009
1071676 2002
1071730 2011
1071784 2008
1071838 2007
1071892 2003
1071946 2007
1072000 2004
1072054 2007
1072109 2006
1072163 2007
1072217 2003
1072271 2003
1072325 2009
1072379 2008
1072433 2007
1072487 2007
1072541 2008
1072595 2005
1072649 2003
1072703 2008
1072757 2009
1072811 2009
1072865 2009
1072920 2007
1072974 2004
1073029 2009
1073083 2011
1073137 2010
1073191 2011
1073245 2010
1073299 2009
1073353 2013
1073407 2015
1073461 2010
1073515 2011
1073569 2010
1073623 2009
1073677 2013
1073732 2010
1073786 2008
1073840 2009
1073894 2007
1073949 2013
1074003 2007
1074057 2008
1074111 2008
1074165 2006
1074219 2005
1074273 2006
1074327 2008
1074382 2011
1074436 2009
1074490 2010
1074544 2014
1074598 2013
1074652 2012
1074706 2010
1074760 2015
1074814 2017
1074868 2021
1074922 2028
1074976 2026
1075030 2022
1075085 2015
1075139 2016
1075193 2015
1075247 2016
1075301 2015
1075355 2009
1075409 2007
1075463 2008
1075517 2007
1075571 2010
1075625 2010
1075679 2014
1075733 2010
1075788 2008
1075842 2010
1075896 2010
1075951 2015
1076005 2018
1076059 2016
1076113 2016
1076167 2018
1076221 2022
1076275 2022
1076329 2021
1076383 2022
1076437 2023
1076491 2024
1076545 2024
1076599 2023
1076653 2030
1076708 2029
1076762 2039
1076816 2040
1076870 2071
1076924 2244
1076978 2523
1077032 2224
1077086 2163
1077141 2066
1077195 2017
1077249 2079
1077303 2008
1077357 2010
1077411 2009
1077465 2011
1077519 2010
1077573 2009
1077627 2004
1077682 2008
1077736 2006
1077790 2004
1077844 2009
1077898 2006
1077952 2003
1078007 2004
1078061 2005
1078115 2009
1078169 2007
1078223 2009
1078277 2007
1078331 2006
1078386 2007
1078440 2004
1078494 2008
1078548 2008
1078602 2009
1078656 2006
1078710 2005
1078765 2010
1078819 2002
1078873 2007
1078927 2007
1078981 2003
1079035 2006
1079089 2007
1079143 2007
1079197 2005
1079251 2005
1079305 2006
1079359 2004
1079413 2006
1079467 2009
1079522 2006
1079576 2009
1079630 2006
1079685 2009
1079739 2007
1079793 2010
1079847 2006
1079901 2006
1079955 2005
1080009 2008
1080063 2007
1080117 2008
1080171 2009
1080225 2006
1080279 2007
1080333 2006
1080387 2007
1080442 2004
1080496 2005
1080550 2003
1080604 2006
1080658 2004
1080712 2003
1080766 2008
1080821 2007
1080875 2006
1080929 2004
1080983 2006
1081037 2005
1081091 2007
1081145 2007
1081199 2009
1081253 2007
1081307 2008
1081361 2006
1081415 2010
1081469 2003
1081523 2011
1081578 2007
1081632 2009
1081686 2006
1081740 2007
1081794 2010
1081848 2009
1081902 2010
1081956 2009
1082011 2009
1082065 2011
1082119 2013
1082173 2013
1082227 2013
1082281 2014
1082335 2014
1082391 2017
1082445 2017
1082499 2017
1082553 2013
1082607 2016
1082661 2020
1082715 2019
1082769 2022
1082823 2027
1082877 2045
1082931 2069
1082986 2088
1083040 2101
1083094 2110
1083148 2114
1083202 2109
1083256 2110
1083310 2110
1083365 2114
1083419 2104
1083474 2105
1083528 2097
1083582 2096
1083636 2090
1083690 2079
1083744 2058
1083798 2047
1083852 2036
1083906 2025
1083960 2017
1084014 2013
1084068 2009
1084122 2010
1084176 2006
1084231 2003
1084285 2005
1084339 2006
1084394 2004
1084448 2011
1084502 2017
1084556 2014
1084610 2025
1084664 2024
1084718 2021
1084772 2021
1084827 2029
1084881 2148
1084935 11699
1084989 6634
1085043 2047
1085097 2015
1085151 2017
1085205 2016
1085259 2008
1085313 2007
1085367 2008
1085421 2014
1085475 2015
1085530 2015
1085584 2006
1085638 2009
1085692 2008
1085746 2007
1085800 2008
1085855 2011
1085909 2009
1085963 2008
1086017 2007
1086071 2008
1086125 2010
1086180 2011
1086234 2023
1086288 2042
1086342 2052
1086396 2047
1086450 2048
1086504 2046
1086558 2057
1086612 2030
1086666 2030
1086720 2031
1086774 2038
1086828 2064
1086882 2093
1086937 2149
1086991 2291
1087045 2413
1087099 2489
1087153 2520
1087207 2477
1087262 2417
1087316 2306
1087370 2234
1087424 2223
1087478 2214
1087532 2178
1087586 2141
1087640 2084
1087694 2069
1087748 2068
1087803 2073
1087857 2077
1087911 2086
1087965 2111
1088019 2078
1088074 2070
1088128 2205
1088183 2413
1088237 2567
1088291 2333
1088345 2041
1088399 2016
1088453 2011
1088507 2016
1088561 2019
1088616 2021
1088670 2027
1088724 2027
1088778 2019
1088832 2021
1088886 2014
1088940 2012
1088994 2005
1089048 2022
1089102 2049
1089156 2057
1089210 2041
1089264 2024
1089319 2018
1089373 2019
1089427 2022
1089481 2079
1089535 2560
1089589 2048
1089643 2002
1089697 2009
1089751 2005
1089805 2016
1089859 2092
1089913 3095
1089969 2252
1090023 2014
1090077 2004
1090131 2004
1090185 2001
1090239 2004
1090293 2005
1090347 2008
1090402 2008
1090456 2013
1090510 2007
1090564 2008
1090618 2002
1090672 2003
1090726 2005
1090780 2003
1090834 2004
1090888 2005
1090943 2005
1090997 2004
1091051 2004
1091106 2004
1091160 2004
1091214 2007
1091268 2005
1091322 2005
1091376 1998
1091431 2005
1091485 2002
1091539 2006
1091593 2000
1091647 1999
1091701 2005
1091755 2000
1091809 2002
1091864 2003
1091918 2002
1091972 2005
1092026 2002
1092081 2004
1092135 2003
1092189 2004
1092243 2005
1092297 2007
1092351 2002
1092406 2005
1092460 2003
1092514 2004
1092568 2005
1092622 2005
1092676 2003
1092730 2007
1092785 2004
1092839 2004
1092893 2001
1092947 2007
1093001 2004
1093056 2005
1093110 2002
1093164 2002
1093218 2002
1093272 2007
1093326 2010
1093381 2005
1093435 2002
1093489 2005
1093543 2005
1093597 2005
1093651 2002
1093705 2004
1093759 2001
1093813 2003
1093867 2004
1093921 2004
1093976 2005
1094030 2005
1094084 2004
1094139 2009
1094193 2004
1094247 2006
1094301 2008
1094355 2002
1094409 2007
1094463 2009
1094517 2003
1094571 2006
1094625 2005
1094679 2005
1094733 2005
1094787 2005
1094842 2010
1094896 2007
1094950 2005
1095004 2007
1095058 2005
1095112 2005
1095167 2006
1095221 2002
1095275 2007
1095329 2004
1095383 2007
1095437 2009
1095491 2005
1095545 2006
1095600 2006
1095655 2004
1095709 2006
1095763 2006
1095817 2007
1095871 2005
1095925 2007
1095979 2009
1096033 2005
1096087 2008
1096141 2002
1096195 2007
1096249 2006
1096303 2007
1096357 2011
1096412 2006
1096466 2006
1096520 2009
1096574 2009
1096628 2002
1096682 2008
1096736 2003
1096790 2005
1096845 2004
1096899 2004
1096953 2005
1097007 2006
1097061 2008
1097115 2003
1097169 2008
1097223 2002
1097277 2007
1097332 2004
1097386 2007
1097440 2006
1097495 2003
1097549 2002
1097603 2007
1097657 2007
1097711 2008
1097765 2004
1097819 2003
1097874 2007
1097928 2004
1097982 2005
1098036 2003
1098090 2006
1098144 2005
1098198 2002
1098252 2006
1098307 2008
1098361 2003
1098415 2003
1098469 2008
1098523 2005
1098577 2007
1098631 2007
1098685 2008
1098739 2008
1098793 2007
1098847 2004
1098901 2006
1098955 2005
1099009 2010
1099063 2004
1099118 2003
1099172 2005
1099226 2005
1099280 2008
1099334 2005
1099388 2006
1099443 2004
1099497 2006
1099552 2003
1099606 2005
1099660 2002
1099714 2006
1099768 2008
