1705169 2000
1705223 1997
1705277 2002
1705331 1998
1705385 1999
1705439 2002
1705494 1998
1705548 2001
1705602 2002
1705657 2000
1705711 2002
1705765 2004
1705819 2002
1705873 2001
1705927 2000
1705982 2000
1706036 2001
1706090 1995
1706144 2002
1706198 2001
1706252 2001
1706306 1998
1706360 2001
1706415 2001
1706469 2004
1706523 2002
1706577 2002
1706631 2000
1706685 1996
1706740 2001
1706794 2001
1706848 1999
1706902 1997
1706956 2005
1707010 2004
1707064 1996
1707118 1997
1707172 1993
1707227 1994
1707282 2002
1707336 2012
1707390 2002
1707444 2028
1707498 2094
1707552 2603
1707607 2532
1707661 2856
1707715 3164
1707769 2606
1707823 2547
1707877 2496
1707931 2511
1707986 2614
1708040 2951
1708094 2970
1708148 2956
1708202 5932
1708256 4489
1708310 3136
1708365 2091
1708419 1997
1708473 1989
1708527 2000
1708581 1997
1708635 1996
1708689 1994
1708743 1998
1708798 1997
1708852 1999
1708906 1999
1708960 2000
1709014 2002
1709068 2001
1709122 2000
1709176 1999
1709230 2002
1709284 2001
1709338 2001
1709392 2001
1709446 2002
1709501 1999
1709555 2000
1709609 2001
1709663 1999
1709717 2001
1709771 2003
1709825 2001
1709879 2001
1709933 2002
1709987 1997
1710041 1998
1710096 2000
1710150 1999
1710204 2000
1710258 2000
1710312 2002
1710366 2000
1710420 1997
1710474 2000
1710528 2003
